<?xml version="1.0" encoding="UTF-8"?>
<testsuite xmlns:xsi="http://www.w3.org/2001/XMLSchema-instance" xsi:noNamespaceSchemaLocation="https://maven.apache.org/surefire/maven-surefire-plugin/xsd/surefire-test-report.xsd" name="com.modis.acciaback.repository.UserRepositoryTest" time="0.118" tests="6" errors="0" skipped="0" failures="0">
  <properties>
[...]
</properties>
  <testcase name="testFindAvailableAdmins" classname="com.modis.acciaback.repository.UserRepositoryTest" time="0"/>
  <testcase name="testNotExistsByUsername" classname="com.modis.acciaback.repository.UserRepositoryTest" time="0.092"/>
  <testcase name="testNotExistsByEmail" classname="com.modis.acciaback.repository.UserRepositoryTest" time="0.005"/>
  <testcase name="testExistsByUsername" classname="com.modis.acciaback.repository.UserRepositoryTest" time="0.004"/>
  <testcase name="testFindByEmail" classname="com.modis.acciaback.repository.UserRepositoryTest" time="0.008"/>
  <testcase name="testExistsByEmail" classname="com.modis.acciaback.repository.UserRepositoryTest" time="0.003"/>
</testsuite>