<?xml version="1.0" encoding="UTF-8"?>
<testsuite xmlns:xsi="http://www.w3.org/2001/XMLSchema-instance" xsi:noNamespaceSchemaLocation="https://maven.apache.org/surefire/maven-surefire-plugin/xsd/surefire-test-report.xsd" name="com.modis.acciaback.AcciaBackApplicationTests" time="6.779" tests="18" errors="14" skipped="0" failures="0">
  <properties>
[...]
</properties>
  <testcase name="testIntentionModel" classname="com.modis.acciaback.AcciaBackApplicationTests" time="0.152">
    <error message="I/O error on POST request for &quot;http://127.0.0.1:5000/ModelAnalysis/intention&quot;: Connection refused: connect; nested exception is java.net.ConnectException: Connection refused: connect" type="org.springframework.web.client.ResourceAccessException">org.springframework.web.client.ResourceAccessException: I/O error on POST request for "http://127.0.0.1:5000/ModelAnalysis/intention": Connection refused: connect; nested exception is java.net.ConnectException: Connection refused: connect
	at com.modis.acciaback.AcciaBackApplicationTests.testIntentionModel(AcciaBackApplicationTests.java:111)
Caused by: java.net.ConnectException: Connection refused: connect
	at com.modis.acciaback.AcciaBackApplicationTests.testIntentionModel(AcciaBackApplicationTests.java:111)
</error>
    <system-out><![CDATA[16:33:50.164 [main] DEBUG org.springframework.test.context.BootstrapUtils - Instantiating CacheAwareContextLoaderDelegate from class [org.springframework.test.context.cache.DefaultCacheAwareContextLoaderDelegate]
16:33:50.173 [main] DEBUG org.springframework.test.context.BootstrapUtils - Instantiating BootstrapContext using constructor [public org.springframework.test.context.support.DefaultBootstrapContext(java.lang.Class,org.springframework.test.context.CacheAwareContextLoaderDelegate)]
16:33:50.203 [main] DEBUG org.springframework.test.context.BootstrapUtils - Instantiating TestContextBootstrapper for test class [com.modis.acciaback.AcciaBackApplicationTests] from class [org.springframework.boot.test.context.SpringBootTestContextBootstrapper]
16:33:50.212 [main] INFO org.springframework.boot.test.context.SpringBootTestContextBootstrapper - Neither @ContextConfiguration nor @ContextHierarchy found for test class [com.modis.acciaback.AcciaBackApplicationTests], using SpringBootContextLoader
16:33:50.215 [main] DEBUG org.springframework.test.context.support.AbstractContextLoader - Did not detect default resource location for test class [com.modis.acciaback.AcciaBackApplicationTests]: class path resource [com/modis/acciaback/AcciaBackApplicationTests-context.xml] does not exist
16:33:50.215 [main] DEBUG org.springframework.test.context.support.AbstractContextLoader - Did not detect default resource location for test class [com.modis.acciaback.AcciaBackApplicationTests]: class path resource [com/modis/acciaback/AcciaBackApplicationTestsContext.groovy] does not exist
16:33:50.216 [main] INFO org.springframework.test.context.support.AbstractContextLoader - Could not detect default resource locations for test class [com.modis.acciaback.AcciaBackApplicationTests]: no resource found for suffixes {-context.xml, Context.groovy}.
16:33:50.216 [main] INFO org.springframework.test.context.support.AnnotationConfigContextLoaderUtils - Could not detect default configuration classes for test class [com.modis.acciaback.AcciaBackApplicationTests]: AcciaBackApplicationTests does not declare any static, non-private, non-final, nested classes annotated with @Configuration.
16:33:50.258 [main] DEBUG org.springframework.test.context.support.ActiveProfilesUtils - Could not find an 'annotation declaring class' for annotation type [org.springframework.test.context.ActiveProfiles] and class [com.modis.acciaback.AcciaBackApplicationTests]
16:33:50.317 [main] DEBUG org.springframework.context.annotation.ClassPathScanningCandidateComponentProvider - Identified candidate component class: file [c:\Users\fabien.detrez\Accia\XAI\ACCIA_back 1\ACCIA_back\target\classes\com\modis\acciaback\AcciaBackApplication.class]
16:33:50.319 [main] INFO org.springframework.boot.test.context.SpringBootTestContextBootstrapper - Found @SpringBootConfiguration com.modis.acciaback.AcciaBackApplication for test class com.modis.acciaback.AcciaBackApplicationTests
16:33:50.410 [main] DEBUG org.springframework.boot.test.context.SpringBootTestContextBootstrapper - @TestExecutionListeners is not present for class [com.modis.acciaback.AcciaBackApplicationTests]: using defaults.
16:33:50.411 [main] INFO org.springframework.boot.test.context.SpringBootTestContextBootstrapper - Loaded default TestExecutionListener class names from location [META-INF/spring.factories]: [org.springframework.boot.test.mock.mockito.MockitoTestExecutionListener, org.springframework.boot.test.mock.mockito.ResetMocksTestExecutionListener, org.springframework.boot.test.autoconfigure.restdocs.RestDocsTestExecutionListener, org.springframework.boot.test.autoconfigure.web.client.MockRestServiceServerResetTestExecutionListener, org.springframework.boot.test.autoconfigure.web.servlet.MockMvcPrintOnlyOnFailureTestExecutionListener, org.springframework.boot.test.autoconfigure.web.servlet.WebDriverTestExecutionListener, org.springframework.boot.test.autoconfigure.webservices.client.MockWebServiceServerTestExecutionListener, org.springframework.test.context.web.ServletTestExecutionListener, org.springframework.test.context.support.DirtiesContextBeforeModesTestExecutionListener, org.springframework.test.context.event.ApplicationEventsTestExecutionListener, org.springframework.test.context.support.DependencyInjectionTestExecutionListener, org.springframework.test.context.support.DirtiesContextTestExecutionListener, org.springframework.test.context.transaction.TransactionalTestExecutionListener, org.springframework.test.context.jdbc.SqlScriptsTestExecutionListener, org.springframework.test.context.event.EventPublishingTestExecutionListener, org.springframework.security.test.context.support.WithSecurityContextTestExecutionListener, org.springframework.security.test.context.support.ReactorContextTestExecutionListener]
16:33:50.427 [main] INFO org.springframework.boot.test.context.SpringBootTestContextBootstrapper - Using TestExecutionListeners: [org.springframework.test.context.web.ServletTestExecutionListener@4d18aa28, org.springframework.test.context.support.DirtiesContextBeforeModesTestExecutionListener@75390459, org.springframework.test.context.event.ApplicationEventsTestExecutionListener@7756c3cd, org.springframework.boot.test.mock.mockito.MockitoTestExecutionListener@2313052e, org.springframework.boot.test.autoconfigure.SpringBootDependencyInjectionTestExecutionListener@2bd2b28e, org.springframework.test.context.support.DirtiesContextTestExecutionListener@16746061, org.springframework.test.context.transaction.TransactionalTestExecutionListener@57fd91c9, org.springframework.test.context.jdbc.SqlScriptsTestExecutionListener@6cfcd46d, org.springframework.test.context.event.EventPublishingTestExecutionListener@52045dbe, org.springframework.security.test.context.support.WithSecurityContextTestExecutionListener@674658f7, org.springframework.security.test.context.support.ReactorContextTestExecutionListener@5c8eee0f, org.springframework.boot.test.mock.mockito.ResetMocksTestExecutionListener@565b064f, org.springframework.boot.test.autoconfigure.restdocs.RestDocsTestExecutionListener@26425897, org.springframework.boot.test.autoconfigure.web.client.MockRestServiceServerResetTestExecutionListener@73163d48, org.springframework.boot.test.autoconfigure.web.servlet.MockMvcPrintOnlyOnFailureTestExecutionListener@58c34bb3, org.springframework.boot.test.autoconfigure.web.servlet.WebDriverTestExecutionListener@56a4479a, org.springframework.boot.test.autoconfigure.webservices.client.MockWebServiceServerTestExecutionListener@62163b39]
16:33:50.431 [main] DEBUG org.springframework.test.context.support.AbstractDirtiesContextTestExecutionListener - Before test class: context [DefaultTestContext@201b6b6f testClass = AcciaBackApplicationTests, testInstance = [null], testMethod = [null], testException = [null], mergedContextConfiguration = [WebMergedContextConfiguration@75459c75 testClass = AcciaBackApplicationTests, locations = '{}', classes = '{class com.modis.acciaback.AcciaBackApplication}', contextInitializerClasses = '[]', activeProfiles = '{}', propertySourceLocations = '{}', propertySourceProperties = '{org.springframework.boot.test.context.SpringBootTestContextBootstrapper=true}', contextCustomizers = set[org.springframework.boot.test.context.filter.ExcludeFilterContextCustomizer@14008db3, org.springframework.boot.test.json.DuplicateJsonObjectContextCustomizerFactory$DuplicateJsonObjectContextCustomizer@45ac5f9b, org.springframework.boot.test.mock.mockito.MockitoContextCustomizer@0, org.springframework.boot.test.web.client.TestRestTemplateContextCustomizer@2a225dd7, org.springframework.boot.test.autoconfigure.actuate.metrics.MetricsExportContextCustomizerFactory$DisableMetricExportContextCustomizer@5c669da8, org.springframework.boot.test.autoconfigure.properties.PropertyMappingContextCustomizer@0, org.springframework.boot.test.autoconfigure.web.servlet.WebDriverContextCustomizerFactory$Customizer@45a4b042, org.springframework.boot.test.context.SpringBootTestArgs@1, org.springframework.boot.test.context.SpringBootTestWebEnvironment@14dd9eb7], resourceBasePath = 'src/main/webapp', contextLoader = 'org.springframework.boot.test.context.SpringBootContextLoader', parent = [null]], attributes = map['org.springframework.test.context.web.ServletTestExecutionListener.activateListener' -> true]], class annotated with @DirtiesContext [false] with mode [null].

  .   ____          _            __ _ _
 /\\ / ___'_ __ _ _(_)_ __  __ _ \ \ \ \
( ( )\___ | '_ | '_| | '_ \/ _` | \ \ \ \
 \\/  ___)| |_)| | | | | || (_| |  ) ) ) )
  '  |____| .__|_| |_|_| |_\__, | / / / /
 =========|_|==============|___/=/_/_/_/
 :: Spring Boot ::                (v2.7.0)

2023-09-22 16:33:50.783  INFO 6640 --- [           main] c.m.acciaback.AcciaBackApplicationTests  : Starting AcciaBackApplicationTests using Java 11.0.18 on L2622029 with PID 6640 (started by fabien.detrez in c:\Users\fabien.detrez\Accia\XAI\ACCIA_back 1\ACCIA_back)
2023-09-22 16:33:50.785  INFO 6640 --- [           main] c.m.acciaback.AcciaBackApplicationTests  : No active profile set, falling back to 1 default profile: "default"
2023-09-22 16:33:51.549  INFO 6640 --- [           main] .s.d.r.c.RepositoryConfigurationDelegate : Bootstrapping Spring Data JPA repositories in DEFAULT mode.
2023-09-22 16:33:51.671  INFO 6640 --- [           main] .s.d.r.c.RepositoryConfigurationDelegate : Finished Spring Data repository scanning in 112 ms. Found 10 JPA repository interfaces.
2023-09-22 16:33:52.413  INFO 6640 --- [           main] o.hibernate.jpa.internal.util.LogHelper  : HHH000204: Processing PersistenceUnitInfo [name: default]
2023-09-22 16:33:52.472  INFO 6640 --- [           main] org.hibernate.Version                    : HHH000412: Hibernate ORM core version 5.6.9.Final
2023-09-22 16:33:52.617  INFO 6640 --- [           main] o.hibernate.annotations.common.Version   : HCANN000001: Hibernate Commons Annotations {5.1.2.Final}
2023-09-22 16:33:52.955  INFO 6640 --- [           main] com.zaxxer.hikari.HikariDataSource       : HikariPool-1 - Starting...
2023-09-22 16:33:53.028  INFO 6640 --- [           main] com.zaxxer.hikari.HikariDataSource       : HikariPool-1 - Start completed.
2023-09-22 16:33:53.056  INFO 6640 --- [           main] org.hibernate.dialect.Dialect            : HHH000400: Using dialect: org.hibernate.dialect.MariaDB53Dialect
2023-09-22 16:33:53.901  INFO 6640 --- [           main] o.h.e.t.j.p.i.JtaPlatformInitiator       : HHH000490: Using JtaPlatform implementation: [org.hibernate.engine.transaction.jta.platform.internal.NoJtaPlatform]
2023-09-22 16:33:53.910  INFO 6640 --- [           main] j.LocalContainerEntityManagerFactoryBean : Initialized JPA EntityManagerFactory for persistence unit 'default'
2023-09-22 16:33:54.396  WARN 6640 --- [           main] JpaBaseConfiguration$JpaWebConfiguration : spring.jpa.open-in-view is enabled by default. Therefore, database queries may be performed during view rendering. Explicitly configure spring.jpa.open-in-view to disable this warning
2023-09-22 16:33:54.975  INFO 6640 --- [           main] c.m.a.s.serviceImpl.DocServiceImpl       : -------------------- Je suis DocServiceImpl -------
2023-09-22 16:33:55.259  INFO 6640 --- [           main] o.s.s.web.DefaultSecurityFilterChain     : Will secure any request with [org.springframework.security.web.session.DisableEncodeUrlFilter@3f7f9d3f, org.springframework.security.web.context.request.async.WebAsyncManagerIntegrationFilter@62966c9f, org.springframework.security.web.context.SecurityContextPersistenceFilter@74ed1d35, org.springframework.security.web.header.HeaderWriterFilter@2dc72c0c, org.springframework.web.filter.CorsFilter@4193da4d, org.springframework.security.web.authentication.logout.LogoutFilter@46e38c28, com.modis.acciaback.security.AuthTokenFilter@3203a4ae, org.springframework.security.web.savedrequest.RequestCacheAwareFilter@54fbaa65, org.springframework.security.web.servletapi.SecurityContextHolderAwareRequestFilter@49bf5ec8, org.springframework.security.web.authentication.AnonymousAuthenticationFilter@6915351c, org.springframework.security.web.session.SessionManagementFilter@30f54522, org.springframework.security.web.access.ExceptionTranslationFilter@1a5c0b8, org.springframework.security.web.access.intercept.FilterSecurityInterceptor@7baf7e2c]
2023-09-22 16:33:56.427  INFO 6640 --- [           main] c.m.acciaback.AcciaBackApplicationTests  : Started AcciaBackApplicationTests in 5.956 seconds (JVM running for 6.903)
2023-09-22 16:33:56.550  INFO 6640 --- [           main] com.modis.acciaback.service.ChatService  : -------------------- je suis intentionModel Service -------
]]></system-out>
    <system-err><![CDATA[SLF4J: Class path contains multiple SLF4J bindings.
SLF4J: Found binding in [jar:file:/C:/Users/fabien.detrez/.m2/repository/ch/qos/logback/logback-classic/1.2.11/logback-classic-1.2.11.jar!/org/slf4j/impl/StaticLoggerBinder.class]
SLF4J: Found binding in [jar:file:/C:/Users/fabien.detrez/.m2/repository/org/apache/logging/log4j/log4j-slf4j-impl/2.17.2/log4j-slf4j-impl-2.17.2.jar!/org/slf4j/impl/StaticLoggerBinder.class]
SLF4J: See http://www.slf4j.org/codes.html#multiple_bindings for an explanation.
SLF4J: Actual binding is of type [ch.qos.logback.classic.util.ContextSelectorStaticBinder]
]]></system-err>
  </testcase>
  <testcase name="testSearchDoc" classname="com.modis.acciaback.AcciaBackApplicationTests" time="0.107"/>
  <testcase name="testDefinition" classname="com.modis.acciaback.AcciaBackApplicationTests" time="0.043">
    <error message="I/O error on GET request for &quot;http://127.0.0.1:5000/Definition/AAC&quot;: Connection refused: connect; nested exception is java.net.ConnectException: Connection refused: connect" type="org.springframework.web.client.ResourceAccessException">org.springframework.web.client.ResourceAccessException: I/O error on GET request for "http://127.0.0.1:5000/Definition/AAC": Connection refused: connect; nested exception is java.net.ConnectException: Connection refused: connect
	at com.modis.acciaback.AcciaBackApplicationTests.testDefinition(AcciaBackApplicationTests.java:154)
Caused by: java.net.ConnectException: Connection refused: connect
	at com.modis.acciaback.AcciaBackApplicationTests.testDefinition(AcciaBackApplicationTests.java:154)
</error>
    <system-out><![CDATA[----- url envoyé à l'API : --------------------http://127.0.0.1:5000/Definition/{sigle}
]]></system-out>
  </testcase>
  <testcase name="testComponentDetails" classname="com.modis.acciaback.AcciaBackApplicationTests" time="0.012"/>
  <testcase name="testLaststateAnalysis" classname="com.modis.acciaback.AcciaBackApplicationTests" time="0.007">
    <error message="I/O error on GET request for &quot;http://127.0.0.1:8000/Components/lastState/FD001&quot;: Connection refused: connect; nested exception is java.net.ConnectException: Connection refused: connect" type="org.springframework.web.client.ResourceAccessException">org.springframework.web.client.ResourceAccessException: I/O error on GET request for "http://127.0.0.1:8000/Components/lastState/FD001": Connection refused: connect; nested exception is java.net.ConnectException: Connection refused: connect
	at com.modis.acciaback.AcciaBackApplicationTests.testLaststateAnalysis(AcciaBackApplicationTests.java:217)
Caused by: java.net.ConnectException: Connection refused: connect
	at com.modis.acciaback.AcciaBackApplicationTests.testLaststateAnalysis(AcciaBackApplicationTests.java:217)
</error>
    <system-out><![CDATA[2023-09-22 16:33:56.773  INFO 6640 --- [           main] com.modis.acciaback.service.ChatService  : -------------------- je suis laststateAnalysis Service -------
----- url envoyé à l'API : --------------------http://127.0.0.1:8000/Components/lastState/FD001
]]></system-out>
  </testcase>
  <testcase name="testSearchChart" classname="com.modis.acciaback.AcciaBackApplicationTests" time="0.008"/>
  <testcase name="testCriticityAnalysis" classname="com.modis.acciaback.AcciaBackApplicationTests" time="0.007">
    <error message="I/O error on POST request for &quot;http://127.0.0.1:5000/LanguageAnalysis/criticity&quot;: Connection refused: connect; nested exception is java.net.ConnectException: Connection refused: connect" type="org.springframework.web.client.ResourceAccessException">org.springframework.web.client.ResourceAccessException: I/O error on POST request for "http://127.0.0.1:5000/LanguageAnalysis/criticity": Connection refused: connect; nested exception is java.net.ConnectException: Connection refused: connect
	at com.modis.acciaback.AcciaBackApplicationTests.testCriticityAnalysis(AcciaBackApplicationTests.java:258)
Caused by: java.net.ConnectException: Connection refused: connect
	at com.modis.acciaback.AcciaBackApplicationTests.testCriticityAnalysis(AcciaBackApplicationTests.java:258)
</error>
    <system-out><![CDATA[2023-09-22 16:33:56.790  INFO 6640 --- [           main] com.modis.acciaback.service.ChatService  : -------------------- je suis criticityAnalysis Service -------
----- url envoyé à l'API : --------------------http://127.0.0.1:5000/LanguageAnalysis/criticity
]]></system-out>
  </testcase>
  <testcase name="testIntentionAnalysis" classname="com.modis.acciaback.AcciaBackApplicationTests" time="0.009">
    <error message="I/O error on POST request for &quot;http://127.0.0.1:5000/LanguageAnalysis/intention&quot;: Connection refused: connect; nested exception is java.net.ConnectException: Connection refused: connect" type="org.springframework.web.client.ResourceAccessException">org.springframework.web.client.ResourceAccessException: I/O error on POST request for "http://127.0.0.1:5000/LanguageAnalysis/intention": Connection refused: connect; nested exception is java.net.ConnectException: Connection refused: connect
	at com.modis.acciaback.AcciaBackApplicationTests.testIntentionAnalysis(AcciaBackApplicationTests.java:93)
Caused by: java.net.ConnectException: Connection refused: connect
	at com.modis.acciaback.AcciaBackApplicationTests.testIntentionAnalysis(AcciaBackApplicationTests.java:93)
</error>
    <system-out><![CDATA[2023-09-22 16:33:56.797  INFO 6640 --- [           main] com.modis.acciaback.service.ChatService  : -------------------- je suis intentionAnalysis Service -------
----- url envoyé à l'API : --------------------http://127.0.0.1:5000/LanguageAnalysis/intention
]]></system-out>
  </testcase>
  <testcase name="testCheckingDefinition" classname="com.modis.acciaback.AcciaBackApplicationTests" time="0.009">
    <error message="I/O error on POST request for &quot;http://127.0.0.1:5000/Checking/DefinitionEntities&quot;: Connection refused: connect; nested exception is java.net.ConnectException: Connection refused: connect" type="org.springframework.web.client.ResourceAccessException">org.springframework.web.client.ResourceAccessException: I/O error on POST request for "http://127.0.0.1:5000/Checking/DefinitionEntities": Connection refused: connect; nested exception is java.net.ConnectException: Connection refused: connect
	at com.modis.acciaback.AcciaBackApplicationTests.testCheckingDefinition(AcciaBackApplicationTests.java:206)
Caused by: java.net.ConnectException: Connection refused: connect
	at com.modis.acciaback.AcciaBackApplicationTests.testCheckingDefinition(AcciaBackApplicationTests.java:206)
</error>
    <system-out><![CDATA[----- url envoyé à l'API : --------------------http://127.0.0.1:5000/Checking/DefinitionEntities
]]></system-out>
  </testcase>
  <testcase name="testCriticityModel" classname="com.modis.acciaback.AcciaBackApplicationTests" time="0.009">
    <error message="I/O error on POST request for &quot;http://127.0.0.1:5000/ModelAnalysis/criticity&quot;: Connection refused: connect; nested exception is java.net.ConnectException: Connection refused: connect" type="org.springframework.web.client.ResourceAccessException">org.springframework.web.client.ResourceAccessException: I/O error on POST request for "http://127.0.0.1:5000/ModelAnalysis/criticity": Connection refused: connect; nested exception is java.net.ConnectException: Connection refused: connect
	at com.modis.acciaback.AcciaBackApplicationTests.testCriticityModel(AcciaBackApplicationTests.java:101)
Caused by: java.net.ConnectException: Connection refused: connect
	at com.modis.acciaback.AcciaBackApplicationTests.testCriticityModel(AcciaBackApplicationTests.java:101)
</error>
    <system-out><![CDATA[2023-09-22 16:33:56.817  INFO 6640 --- [           main] com.modis.acciaback.service.ChatService  : -------------------- je suis criticityModel Service -------
---------------- Url envoyé à l'API : ------http://127.0.0.1:5000/ModelAnalysis/criticity
]]></system-out>
  </testcase>
  <testcase name="testEntitiesAnalysis" classname="com.modis.acciaback.AcciaBackApplicationTests" time="0.007">
    <error message="I/O error on POST request for &quot;http://127.0.0.1:5000/LanguageAnalysis/entities&quot;: Connection refused: connect; nested exception is java.net.ConnectException: Connection refused: connect" type="org.springframework.web.client.ResourceAccessException">org.springframework.web.client.ResourceAccessException: I/O error on POST request for "http://127.0.0.1:5000/LanguageAnalysis/entities": Connection refused: connect; nested exception is java.net.ConnectException: Connection refused: connect
	at com.modis.acciaback.AcciaBackApplicationTests.testEntitiesAnalysis(AcciaBackApplicationTests.java:250)
Caused by: java.net.ConnectException: Connection refused: connect
	at com.modis.acciaback.AcciaBackApplicationTests.testEntitiesAnalysis(AcciaBackApplicationTests.java:250)
</error>
    <system-out><![CDATA[2023-09-22 16:33:56.826  INFO 6640 --- [           main] com.modis.acciaback.service.ChatService  : -------------------- je suis entitiesAnalysis Service -------
----- url envoyé à l'API : --------------------http://127.0.0.1:5000/LanguageAnalysis/entities
]]></system-out>
  </testcase>
  <testcase name="testSearchDefinition" classname="com.modis.acciaback.AcciaBackApplicationTests" time="0.01">
    <error message="I/O error on GET request for &quot;http://127.0.0.1:5000/Definition/AAC/informatique&quot;: Connection refused: connect; nested exception is java.net.ConnectException: Connection refused: connect" type="org.springframework.web.client.ResourceAccessException">org.springframework.web.client.ResourceAccessException: I/O error on GET request for "http://127.0.0.1:5000/Definition/AAC/informatique": Connection refused: connect; nested exception is java.net.ConnectException: Connection refused: connect
	at com.modis.acciaback.AcciaBackApplicationTests.testSearchDefinition(AcciaBackApplicationTests.java:140)
Caused by: java.net.ConnectException: Connection refused: connect
	at com.modis.acciaback.AcciaBackApplicationTests.testSearchDefinition(AcciaBackApplicationTests.java:140)
</error>
    <system-out><![CDATA[----- url envoyé à l'API : --------------------http://127.0.0.1:5000/Definition/{sigle}/{domaine}
----- searchurl envoyé à l'API : --------------------http://127.0.0.1:5000/Definition/AAC/informatique
]]></system-out>
  </testcase>
  <testcase name="testRulAnalysis" classname="com.modis.acciaback.AcciaBackApplicationTests" time="0.01">
    <error message="I/O error on GET request for &quot;http://127.0.0.1:8000/RUL/FD001&quot;: Connection refused: connect; nested exception is java.net.ConnectException: Connection refused: connect" type="org.springframework.web.client.ResourceAccessException">org.springframework.web.client.ResourceAccessException: I/O error on GET request for "http://127.0.0.1:8000/RUL/FD001": Connection refused: connect; nested exception is java.net.ConnectException: Connection refused: connect
	at com.modis.acciaback.AcciaBackApplicationTests.testRulAnalysis(AcciaBackApplicationTests.java:242)
Caused by: java.net.ConnectException: Connection refused: connect
	at com.modis.acciaback.AcciaBackApplicationTests.testRulAnalysis(AcciaBackApplicationTests.java:242)
</error>
    <system-out><![CDATA[2023-09-22 16:33:56.844  INFO 6640 --- [           main] com.modis.acciaback.service.ChatService  : -------------------- je suis rulAnalysis Service -------
----- url envoyé à l'API : --------------------http://127.0.0.1:8000/RUL/FD001
]]></system-out>
  </testcase>
  <testcase name="testCheckingDoc" classname="com.modis.acciaback.AcciaBackApplicationTests" time="0.008">
    <error message="I/O error on POST request for &quot;http://127.0.0.1:5000/Checking/DocumentEntities&quot;: Connection refused: connect; nested exception is java.net.ConnectException: Connection refused: connect" type="org.springframework.web.client.ResourceAccessException">org.springframework.web.client.ResourceAccessException: I/O error on POST request for "http://127.0.0.1:5000/Checking/DocumentEntities": Connection refused: connect; nested exception is java.net.ConnectException: Connection refused: connect
	at com.modis.acciaback.AcciaBackApplicationTests.testCheckingDoc(AcciaBackApplicationTests.java:195)
Caused by: java.net.ConnectException: Connection refused: connect
	at com.modis.acciaback.AcciaBackApplicationTests.testCheckingDoc(AcciaBackApplicationTests.java:195)
</error>
    <system-out><![CDATA[----- url envoyé à l'API : --------------------http://127.0.0.1:5000/Checking/DocumentEntities
]]></system-out>
  </testcase>
  <testcase name="contextLoads" classname="com.modis.acciaback.AcciaBackApplicationTests" time="0.004"/>
  <testcase name="testComponentsWithDateAnalysis" classname="com.modis.acciaback.AcciaBackApplicationTests" time="0.007">
    <error message="I/O error on GET request for &quot;http://127.0.0.1:8000/Components/FD001/16-02-2023&quot;: Connection refused: connect; nested exception is java.net.ConnectException: Connection refused: connect" type="org.springframework.web.client.ResourceAccessException">org.springframework.web.client.ResourceAccessException: I/O error on GET request for "http://127.0.0.1:8000/Components/FD001/16-02-2023": Connection refused: connect; nested exception is java.net.ConnectException: Connection refused: connect
	at com.modis.acciaback.AcciaBackApplicationTests.testComponentsWithDateAnalysis(AcciaBackApplicationTests.java:234)
Caused by: java.net.ConnectException: Connection refused: connect
	at com.modis.acciaback.AcciaBackApplicationTests.testComponentsWithDateAnalysis(AcciaBackApplicationTests.java:234)
</error>
    <system-out><![CDATA[2023-09-22 16:33:56.869  INFO 6640 --- [           main] com.modis.acciaback.service.ChatService  : -------------------- je suis componentsWithDateAnalysis Service -------
----- url envoyé à l'API : --------------------http://127.0.0.1:8000/Components/FD001/16-02-2023
]]></system-out>
  </testcase>
  <testcase name="testInputAnalysis" classname="com.modis.acciaback.AcciaBackApplicationTests" time="0.012">
    <error message="I/O error on POST request for &quot;http://127.0.0.1:5000/LanguageAnalysis/inputDetails&quot;: Connection refused: connect; nested exception is java.net.ConnectException: Connection refused: connect" type="org.springframework.web.client.ResourceAccessException">org.springframework.web.client.ResourceAccessException: I/O error on POST request for "http://127.0.0.1:5000/LanguageAnalysis/inputDetails": Connection refused: connect; nested exception is java.net.ConnectException: Connection refused: connect
	at com.modis.acciaback.AcciaBackApplicationTests.testInputAnalysis(AcciaBackApplicationTests.java:69)
Caused by: java.net.ConnectException: Connection refused: connect
	at com.modis.acciaback.AcciaBackApplicationTests.testInputAnalysis(AcciaBackApplicationTests.java:69)
</error>
    <system-out><![CDATA[2023-09-22 16:33:56.878  INFO 6640 --- [           main] com.modis.acciaback.service.ChatService  : -------------------- Je suis sendMessage Service -------
2023-09-22 16:33:56.878  INFO 6640 --- [           main] com.modis.acciaback.service.ChatService  : ---------- url envoyé à l'API -------: http://127.0.0.1:5000/LanguageAnalysis/inputDetails
]]></system-out>
  </testcase>
  <testcase name="testComponentsAnalysis" classname="com.modis.acciaback.AcciaBackApplicationTests" time="0.006">
    <error message="I/O error on GET request for &quot;http://127.0.0.1:8000/Components/FD001&quot;: Connection refused: connect; nested exception is java.net.ConnectException: Connection refused: connect" type="org.springframework.web.client.ResourceAccessException">org.springframework.web.client.ResourceAccessException: I/O error on GET request for "http://127.0.0.1:8000/Components/FD001": Connection refused: connect; nested exception is java.net.ConnectException: Connection refused: connect
	at com.modis.acciaback.AcciaBackApplicationTests.testComponentsAnalysis(AcciaBackApplicationTests.java:225)
Caused by: java.net.ConnectException: Connection refused: connect
	at com.modis.acciaback.AcciaBackApplicationTests.testComponentsAnalysis(AcciaBackApplicationTests.java:225)
</error>
    <system-out><![CDATA[2023-09-22 16:33:56.889  INFO 6640 --- [           main] com.modis.acciaback.service.ChatService  : -------------------- je suis componentsAnalysis Service -------
----- url envoyé à l'API : --------------------http://127.0.0.1:8000/Components/FD001
]]></system-out>
  </testcase>
</testsuite>